<?xml version="1.0" encoding="UTF-8"?>
<!-- Generated by org.testng.reporters.JUnitReportReporter -->
<testsuite hostname="DESKTOP-4N9JI20" failures="0" tests="3" name="ad.testCalculator" time="0.028" errors="0" timestamp="2021-02-25T11:53:08 IST" skipped="0">
  <testcase classname="ad.testCalculator" name="emptyStringAnswerNull" time="0.019"/>
  <system-out/>
  <testcase classname="ad.testCalculator" name="singleValuedAnswer" time="0.001"/>
  <system-out/>
  <testcase classname="ad.testCalculator" name="twoValueCommaDelimiterAnswer" time="0.008"/>
  <system-out/>
</testsuite> <!-- ad.testCalculator -->
