<?xml version="1.0" encoding="UTF-8"?>
<!-- Generated by org.testng.reporters.JUnitReportReporter -->
<testsuite hostname="DESKTOP-4N9JI20" failures="0" tests="7" name="ad.testCalculator" time="0.048" errors="0" timestamp="2021-02-27T13:30:15 IST" skipped="0">
  <testcase classname="ad.testCalculator" name="supportDifferentDelimeter" time="0.003"/>
  <system-out/>
  <testcase classname="ad.testCalculator" name="multivalueCommaDelimiterAnswer" time="0.010"/>
  <system-out/>
  <testcase classname="ad.testCalculator" name="singleValuedAnswer" time="0.003"/>
  <system-out/>
  <testcase classname="ad.testCalculator" name="throwsOnNegativeNumber" time="0.003"/>
  <system-out/>
  <testcase classname="ad.testCalculator" name="emptyStringAnswerNull" time="0.027"/>
  <system-out/>
  <testcase classname="ad.testCalculator" name="twoValueNewLineDelimiterAnswer" time="0.001"/>
  <system-out/>
  <testcase classname="ad.testCalculator" name="twoValueCommaDelimiterAnswer" time="0.001"/>
  <system-out/>
</testsuite> <!-- ad.testCalculator -->
