<?xml version="1.0" encoding="UTF-8"?>
<!-- Generated by org.testng.reporters.JUnitReportReporter -->
<testsuite hostname="DESKTOP-4N9JI20" failures="0" tests="2" name="ad.testCalculator" time="0.013" errors="0" timestamp="2021-02-25T00:18:17 IST" skipped="0">
  <testcase classname="ad.testCalculator" name="singleValuedAnswer" time="0.002"/>
  <system-out/>
  <testcase classname="ad.testCalculator" name="emptyStringAnswerNull" time="0.011"/>
  <system-out/>
</testsuite> <!-- ad.testCalculator -->
