<?xml version="1.0" encoding="UTF-8"?>
<!-- Generated by org.testng.reporters.JUnitReportReporter -->
<testsuite hostname="DESKTOP-4N9JI20" failures="0" tests="4" name="ad.testCalculator" time="0.010" errors="0" timestamp="2021-02-25T12:50:25 IST" skipped="0">
  <testcase classname="ad.testCalculator" name="twoValueCommaDelimiterAnswer" time="0.001"/>
  <system-out/>
  <testcase classname="ad.testCalculator" name="emptyStringAnswerNull" time="0.007"/>
  <system-out/>
  <testcase classname="ad.testCalculator" name="multivalueCommaDelimiterAnswer" time="0.001"/>
  <system-out/>
  <testcase classname="ad.testCalculator" name="singleValuedAnswer" time="0.001"/>
  <system-out/>
</testsuite> <!-- ad.testCalculator -->
