<?xml version="1.0" encoding="UTF-8"?>
<!-- Generated by org.testng.reporters.JUnitReportReporter -->
<testsuite hostname="DESKTOP-4N9JI20" failures="0" tests="8" name="ad.testCalculator" time="0.042" errors="0" timestamp="2021-02-27T13:56:40 IST" skipped="0">
  <testcase classname="ad.testCalculator" name="supportDifferentDelimeter" time="0.002"/>
  <system-out/>
  <testcase classname="ad.testCalculator" name="singleValuedAnswer" time="0.002"/>
  <system-out/>
  <testcase classname="ad.testCalculator" name="throwsOnNegativeNumber" time="0.002"/>
  <system-out/>
  <testcase classname="ad.testCalculator" name="twoValueCommaDelimiterAnswer" time="0.002"/>
  <system-out/>
  <testcase classname="ad.testCalculator" name="multivalueCommaDelimiterAnswer" time="0.018"/>
  <system-out/>
  <testcase classname="ad.testCalculator" name="throwsOnAllNegativeNumberInInput" time="0.005"/>
  <system-out/>
  <testcase classname="ad.testCalculator" name="twoValueNewLineDelimiterAnswer" time="0.002"/>
  <system-out/>
  <testcase classname="ad.testCalculator" name="emptyStringAnswerNull" time="0.009"/>
  <system-out/>
</testsuite> <!-- ad.testCalculator -->
