<?xml version="1.0" encoding="UTF-8"?>
<!-- Generated by org.testng.reporters.JUnitReportReporter -->
<testsuite hostname="DESKTOP-4N9JI20" failures="0" tests="10" name="ad.testCalculator" time="0.045" errors="0" timestamp="2021-03-03T11:44:42 IST" skipped="0">
  <testcase classname="ad.testCalculator" name="supportDifferentDelimeter" time="0.009"/>
  <system-out/>
  <testcase classname="ad.testCalculator" name="throwsOnAllNegativeNumberInInput" time="0.002"/>
  <system-out/>
  <testcase classname="ad.testCalculator" name="twoValueCommaDelimiterAnswer" time="0.001"/>
  <system-out/>
  <testcase classname="ad.testCalculator" name="multivalueCommaDelimiterAnswer" time="0.003"/>
  <system-out/>
  <testcase classname="ad.testCalculator" name="throwsOnNegativeNumber" time="0.001"/>
  <system-out/>
  <testcase classname="ad.testCalculator" name="emptyStringAnswerNull" time="0.010"/>
  <system-out/>
  <testcase classname="ad.testCalculator" name="singleValuedAnswer" time="0.002"/>
  <system-out/>
  <testcase classname="ad.testCalculator" name="twoValueNewLineDelimiterAnswer" time="0.003"/>
  <system-out/>
  <testcase classname="ad.testCalculator" name="ignoreNumberGreaterThan1000" time="0.013"/>
  <system-out/>
  <testcase classname="ad.testCalculator" name="getTotalCountOfAdd" time="0.001"/>
  <system-out/>
</testsuite> <!-- ad.testCalculator -->
